c:\users\new tech\documents\visual studio 2013\projects\oop_otlob_project(qotb)\oop_otlob_project(qotb)\oop_otlob_project\debug\vc120.pdb
c:\users\new tech\documents\visual studio 2013\projects\oop_otlob_project(qotb)\oop_otlob_project(qotb)\oop_otlob_project\debug\reviewsuc.obj
c:\users\new tech\documents\visual studio 2013\projects\oop_otlob_project(qotb)\oop_otlob_project(qotb)\oop_otlob_project\debug\resturant.obj
c:\users\new tech\documents\visual studio 2013\projects\oop_otlob_project(qotb)\oop_otlob_project(qotb)\oop_otlob_project\debug\placeorderuc.obj
c:\users\new tech\documents\visual studio 2013\projects\oop_otlob_project(qotb)\oop_otlob_project(qotb)\oop_otlob_project\debug\person.obj
c:\users\new tech\documents\visual studio 2013\projects\oop_otlob_project(qotb)\oop_otlob_project(qotb)\oop_otlob_project\debug\order.obj
c:\users\new tech\documents\visual studio 2013\projects\oop_otlob_project(qotb)\oop_otlob_project(qotb)\oop_otlob_project\debug\oop_otlob_project.categorymenu.resources
c:\users\new tech\documents\visual studio 2013\projects\oop_otlob_project(qotb)\oop_otlob_project(qotb)\oop_otlob_project\debug\oop_otlob_project.foods.resources
c:\users\new tech\documents\visual studio 2013\projects\oop_otlob_project(qotb)\oop_otlob_project(qotb)\oop_otlob_project\debug\oop_otlob_project.home.resources
c:\users\new tech\documents\visual studio 2013\projects\oop_otlob_project(qotb)\oop_otlob_project(qotb)\oop_otlob_project\debug\oop_otlob_project.login_signup.resources
c:\users\new tech\documents\visual studio 2013\projects\oop_otlob_project(qotb)\oop_otlob_project(qotb)\oop_otlob_project\debug\oop_otlob_project.orderuc.resources
c:\users\new tech\documents\visual studio 2013\projects\oop_otlob_project(qotb)\oop_otlob_project(qotb)\oop_otlob_project\debug\oop_otlob_project.paybycredit.resources
c:\users\new tech\documents\visual studio 2013\projects\oop_otlob_project(qotb)\oop_otlob_project(qotb)\oop_otlob_project\debug\oop_otlob_project.placeorder.resources
c:\users\new tech\documents\visual studio 2013\projects\oop_otlob_project(qotb)\oop_otlob_project(qotb)\oop_otlob_project\debug\oop_otlob_project.placeorderuc.resources
c:\users\new tech\documents\visual studio 2013\projects\oop_otlob_project(qotb)\oop_otlob_project(qotb)\oop_otlob_project\debug\oop_otlob_project.resturantmenu.resources
c:\users\new tech\documents\visual studio 2013\projects\oop_otlob_project(qotb)\oop_otlob_project(qotb)\oop_otlob_project\debug\oop_otlob_project.resturantsuc.resources
c:\users\new tech\documents\visual studio 2013\projects\oop_otlob_project(qotb)\oop_otlob_project(qotb)\oop_otlob_project\debug\oop_otlob_project.revieworder.resources
c:\users\new tech\documents\visual studio 2013\projects\oop_otlob_project(qotb)\oop_otlob_project(qotb)\oop_otlob_project\debug\oop_otlob_project.revieworderuc.resources
c:\users\new tech\documents\visual studio 2013\projects\oop_otlob_project(qotb)\oop_otlob_project(qotb)\oop_otlob_project\debug\oop_otlob_project.reviewsuc.resources
c:\users\new tech\documents\visual studio 2013\projects\oop_otlob_project(qotb)\oop_otlob_project(qotb)\oop_otlob_project\debug\oop_otlob_project.showresturants.resources
c:\users\new tech\documents\visual studio 2013\projects\oop_otlob_project(qotb)\oop_otlob_project(qotb)\oop_otlob_project\debug\oop_otlo.802cfa66.tlog\cl.command.1.tlog
c:\users\new tech\documents\visual studio 2013\projects\oop_otlob_project(qotb)\oop_otlob_project(qotb)\oop_otlob_project\debug\oop_otlo.802cfa66.tlog\cl.read.1.tlog
c:\users\new tech\documents\visual studio 2013\projects\oop_otlob_project(qotb)\oop_otlob_project(qotb)\oop_otlob_project\debug\oop_otlo.802cfa66.tlog\cl.write.1.tlog
c:\users\new tech\documents\visual studio 2013\projects\oop_otlob_project(qotb)\oop_otlob_project(qotb)\oop_otlob_project\debug\oop_otlo.802cfa66.tlog\metagen.write.1.tlog
c:\users\new tech\documents\visual studio 2013\projects\oop_otlob_project(qotb)\oop_otlob_project(qotb)\oop_otlob_project\debug\oop_otlo.802cfa66.tlog\oop_otlob_project.write.1u.tlog
